/*C4*/SET SCHEMA PUBLIC
DISCONNECT
/*C5*/SET SCHEMA PUBLIC
CREATE TABLE PUBLIC.TEST_TABLE\u000a(id INTEGER NOT NULL,\u000adescription VARCHAR(25) NOT NULL,\u000aactual_date DATE,\u000aPRIMARY KEY (id))
/*C6*/SET SCHEMA PUBLIC
DISCONNECT
/*C5*/drop table public.TEST_TABLE
/*C7*/SET SCHEMA PUBLIC
DISCONNECT
/*C5*/DISCONNECT
/*C8*/SET SCHEMA PUBLIC
CREATE TABLE PUBLIC.test_table\u000a(\u000a    id INT PRIMARY KEY NOT NULL IDENTITY,\u000a    description VARCHAR(50) NOT NULL\u000a)
DISCONNECT
/*C9*/SET SCHEMA PUBLIC
set schema PUBLIC
/*C11*/SET SCHEMA PUBLIC
DISCONNECT
/*C10*/SET SCHEMA PUBLIC
INSERT INTO TEST_TABLE VALUES(0,'test description data')
COMMIT
